----------

Tue Apr 07 2020 17:59:46 GMT-0700 (Pacific Daylight Time)

warning: LF will be replaced by CRLF in assets/bootstrap/css/bootstrap.min.css.
The file will have its original line endings in your working directory.
warning: LF will be replaced by CRLF in assets/bootstrap/js/bootstrap.min.js.
The file will have its original line endings in your working directory.
warning: LF will be replaced by CRLF in assets/css/Features-Blue.css.
The file will have its original line endings in your working directory.
warning: LF will be replaced by CRLF in assets/css/smoothproducts.css.
The file will have its original line endings in your working directory.
warning: LF will be replaced by CRLF in assets/js/jquery.min.js.
The file will have its original line endings in your working directory.
warning: LF will be replaced by CRLF in assets/js/theme.js.
The file will have its original line endings in your working directory.
warning: LF will be replaced by CRLF in index.html.
The file will have its original line endings in your working directory.


----------

Tue Apr 07 2020 17:59:48 GMT-0700 (Pacific Daylight Time)

fatal: HttpRequestException encountered.
   An error occurred while sending the request.


----------

Tue Apr 07 2020 17:59:49 GMT-0700 (Pacific Daylight Time)

bash: /dev/tty: No such device or address


----------

Tue Apr 07 2020 17:59:49 GMT-0700 (Pacific Daylight Time)

error: failed to execute prompt script (exit code 1)
fatal: could not read Username for 'https://github.com': No error


----------

Tue Apr 07 2020 18:07:57 GMT-0700 (Pacific Daylight Time)

warning: LF will be replaced by CRLF in assets/bootstrap/css/bootstrap.min.css.
The file will have its original line endings in your working directory.
warning: LF will be replaced by CRLF in assets/bootstrap/js/bootstrap.min.js.
The file will have its original line endings in your working directory.
warning: LF will be replaced by CRLF in assets/css/Features-Blue.css.
The file will have its original line endings in your working directory.
warning: LF will be replaced by CRLF in assets/css/smoothproducts.css.
The file will have its original line endings in your working directory.
warning: LF will be replaced by CRLF in assets/js/jquery.min.js.
The file will have its original line endings in your working directory.
warning: LF will be replaced by CRLF in assets/js/theme.js.
The file will have its original line endings in your working directory.
warning: LF will be replaced by CRLF in index.html.
The file will have its original line endings in your working directory.
warning: LF will be replaced by CRLF in error.log.
The file will have its original line endings in your working directory.


----------

Tue Apr 07 2020 18:07:59 GMT-0700 (Pacific Daylight Time)

fatal: HttpRequestException encountered.
   An error occurred while sending the request.


----------

Tue Apr 07 2020 18:08:00 GMT-0700 (Pacific Daylight Time)

bash: /dev/tty: No such device or address


----------

Tue Apr 07 2020 18:08:00 GMT-0700 (Pacific Daylight Time)

error: failed to execute prompt script (exit code 1)
fatal: could not read Username for 'https://github.com': No error


